<?xml version="1.0" encoding="UTF-8"?>
<!-- Generated by org.testng.reporters.JUnitXMLReporter -->
<testsuite ignored="0" hostname="cdc2-l-f55gzg2" failures="0" tests="10" name="Default test" time="93.336" errors="0" timestamp="2025-09-11T17:07:40 IST">
  <testcase classname="tests.LoginTest" name="TC_Cart_01_01addToCart" time="0.485"/>
  <testcase classname="tests.LoginTest" name="TC_Cart_02_02viewProduct" time="0.493"/>
  <testcase classname="tests.LoginTest" name="TC_Cart_03_03AddMultipleItems" time="0.55"/>
  <testcase classname="tests.LoginTest" name="TC_Cart_04_04RemoveItemFromCart" time="0.614"/>
  <testcase classname="tests.LoginTest" name="TC_Login_01_validLogin" time="0.279"/>
  <testcase classname="tests.LoginTest" name="TC_Login_02_invalidLogin" time="0.226"/>
  <testcase classname="tests.LoginTest" name="TC_Login_03_emptyFields" time="0.217"/>
  <testcase classname="tests.LoginTest" name="TC_Login_04_lockedOutUser" time="0.248"/>
  <testcase classname="tests.LoginTest" name="TC_Product_01_productsVisbile" time="0.268"/>
  <testcase classname="tests.LoginTest" name="TC_Product_02_sortFunctionality" time="3.523"/>
</testsuite> <!-- Default test -->
