<?xml version="1.0" encoding="UTF-8"?>
<!-- Generated by org.testng.reporters.JUnitXMLReporter -->
<testsuite ignored="0" hostname="cdc2-l-f55gzg2" failures="0" tests="3" name="Default test" time="14.556" errors="0" timestamp="2025-09-11T14:15:08 IST">
  <testcase classname="tests.LoginTest" name="TC_Cart_01_addToCart" time="0.142"/>
  <testcase classname="tests.LoginTest" name="TC_Cart_02_viewProduct" time="0.206"/>
  <testcase classname="tests.LoginTest" name="TC_Cart_03_AddMultipleItems" time="0.313"/>
</testsuite> <!-- Default test -->
