<?xml version="1.0" encoding="UTF-8"?>
<!-- Generated by org.testng.reporters.JUnitXMLReporter -->
<testsuite ignored="13" hostname="cdc2-l-f55gzg2" failures="0" tests="2" name="SauceDemo Tests" time="53.605" errors="0" timestamp="2025-09-19T13:23:40 IST">
  <testcase classname="tests.LoginTest" name="TC_Account_01_NavigateBackHome" time="1.964"/>
  <testcase classname="tests.LoginTest" name="TC_Account_02_Logout" time="1.211"/>
  <testcase classname="tests.LoginTest" name="TC_Checkout_02_CheckoutwithMissingInfo" time="0.0">
    <ignored/>
  </testcase> <!-- TC_Checkout_02_CheckoutwithMissingInfo -->
  <testcase classname="tests.LoginTest" name="TC_Checkout_01_SuccessfulCheckout" time="0.0">
    <ignored/>
  </testcase> <!-- TC_Checkout_01_SuccessfulCheckout -->
  <testcase classname="tests.LoginTest" name="TC_Cart_01_addToCart" time="0.0">
    <ignored/>
  </testcase> <!-- TC_Cart_01_addToCart -->
  <testcase classname="tests.LoginTest" name="TC_Cart_03_AddMultipleItems" time="0.0">
    <ignored/>
  </testcase> <!-- TC_Cart_03_AddMultipleItems -->
  <testcase classname="tests.LoginTest" name="TC_Cart_04_RemoveItemFromCart" time="0.0">
    <ignored/>
  </testcase> <!-- TC_Cart_04_RemoveItemFromCart -->
  <testcase classname="tests.LoginTest" name="TC_Login_04_lockedOutUser" time="0.0">
    <ignored/>
  </testcase> <!-- TC_Login_04_lockedOutUser -->
  <testcase classname="tests.LoginTest" name="TC_Login_01_validLogin" time="0.0">
    <ignored/>
  </testcase> <!-- TC_Login_01_validLogin -->
  <testcase classname="tests.LoginTest" name="TC_Cart_02_viewProduct" time="0.0">
    <ignored/>
  </testcase> <!-- TC_Cart_02_viewProduct -->
  <testcase classname="tests.LoginTest" name="TC_Login_03_emptyFields" time="0.0">
    <ignored/>
  </testcase> <!-- TC_Login_03_emptyFields -->
  <testcase classname="tests.LoginTest" name="TC_Product_01_productsVisbile" time="0.0">
    <ignored/>
  </testcase> <!-- TC_Product_01_productsVisbile -->
  <testcase classname="tests.LoginTest" name="TC_Login_02_invalidLogin" time="0.0">
    <ignored/>
  </testcase> <!-- TC_Login_02_invalidLogin -->
  <testcase classname="tests.LoginTest" name="TC_Checkout_03_Validate_Order_Checkout" time="0.0">
    <ignored/>
  </testcase> <!-- TC_Checkout_03_Validate_Order_Checkout -->
  <testcase classname="tests.LoginTest" name="TC_Product_02_sortFunctionality" time="0.0">
    <ignored/>
  </testcase> <!-- TC_Product_02_sortFunctionality -->
</testsuite> <!-- SauceDemo Tests -->
