<?xml version="1.0" encoding="UTF-8"?>
<!-- Generated by org.testng.reporters.JUnitXMLReporter -->
<testsuite ignored="0" hostname="cdc2-l-f55gzg2" failures="0" tests="4" name="SauceDemo Tests" time="19.844" errors="0" timestamp="2025-08-08T11:46:43 IST">
  <testcase classname="tests.LoginTest" name="TC_Login_01_validLogin" time="0.306"/>
  <testcase classname="tests.LoginTest" name="TC_Login_02_invalidLogin" time="0.243"/>
  <testcase classname="tests.LoginTest" name="TC_Login_03_emptyFields" time="0.579"/>
  <testcase classname="tests.LoginTest" name="TC_Login_04_lockedOutUser" time="0.405"/>
</testsuite> <!-- SauceDemo Tests -->
