<?xml version="1.0" encoding="UTF-8"?>
<testng-results ignored="0" total="2" passed="2" failed="0" skipped="0">
  <reporter-output>
  </reporter-output>
  <suite started-at="2025-09-05T13:54:46 IST" name="Default suite" finished-at="2025-09-05T13:55:04 IST" duration-ms="17711">
    <groups>
    </groups>
    <test started-at="2025-09-05T13:54:46 IST" name="Default test" finished-at="2025-09-05T13:55:04 IST" duration-ms="17711">
      <class name="tests.LoginTest">
        <test-method is-config="true" signature="setup()[pri:0, instance:tests.LoginTest@1d296da]" started-at="2025-09-05T13:54:46 IST" name="setup" finished-at="2025-09-05T13:54:56 IST" duration-ms="10481" status="PASS">
          <reporter-output>
          </reporter-output>
        </test-method> <!-- setup -->
        <test-method is-config="true" signature="SetupPages()[pri:0, instance:tests.LoginTest@1d296da]" started-at="2025-09-05T13:54:56 IST" name="SetupPages" finished-at="2025-09-05T13:54:57 IST" duration-ms="322" status="PASS">
          <reporter-output>
          </reporter-output>
        </test-method> <!-- SetupPages -->
        <test-method signature="TC_Cart_01_addToCart()[pri:0, instance:tests.LoginTest@1d296da]" started-at="2025-09-05T13:54:57 IST" name="TC_Cart_01_addToCart" finished-at="2025-09-05T13:54:57 IST" duration-ms="158" status="PASS">
          <reporter-output>
          </reporter-output>
        </test-method> <!-- TC_Cart_01_addToCart -->
        <test-method is-config="true" signature="tearDown()[pri:0, instance:tests.LoginTest@1d296da]" started-at="2025-09-05T13:54:57 IST" name="tearDown" finished-at="2025-09-05T13:54:58 IST" duration-ms="691" status="PASS">
          <reporter-output>
          </reporter-output>
        </test-method> <!-- tearDown -->
        <test-method is-config="true" signature="setup()[pri:0, instance:tests.LoginTest@1d296da]" started-at="2025-09-05T13:54:58 IST" name="setup" finished-at="2025-09-05T13:55:02 IST" duration-ms="4775" status="PASS">
          <reporter-output>
          </reporter-output>
        </test-method> <!-- setup -->
        <test-method is-config="true" signature="SetupPages()[pri:0, instance:tests.LoginTest@1d296da]" started-at="2025-09-05T13:55:02 IST" name="SetupPages" finished-at="2025-09-05T13:55:03 IST" duration-ms="402" status="PASS">
          <reporter-output>
          </reporter-output>
        </test-method> <!-- SetupPages -->
        <test-method signature="TC_Cart_02_viewProduct()[pri:0, instance:tests.LoginTest@1d296da]" started-at="2025-09-05T13:55:03 IST" name="TC_Cart_02_viewProduct" finished-at="2025-09-05T13:55:03 IST" duration-ms="121" status="PASS">
          <reporter-output>
          </reporter-output>
        </test-method> <!-- TC_Cart_02_viewProduct -->
        <test-method is-config="true" signature="tearDown()[pri:0, instance:tests.LoginTest@1d296da]" started-at="2025-09-05T13:55:03 IST" name="tearDown" finished-at="2025-09-05T13:55:04 IST" duration-ms="706" status="PASS">
          <reporter-output>
          </reporter-output>
        </test-method> <!-- tearDown -->
      </class> <!-- tests.LoginTest -->
    </test> <!-- Default test -->
  </suite> <!-- Default suite -->
</testng-results>
