<?xml version="1.0" encoding="UTF-8"?>
<testng-results ignored="13" total="15" passed="2" failed="0" skipped="0">
  <reporter-output>
  </reporter-output>
  <suite started-at="2025-09-19T13:22:47 IST" name="saucedemo_automation" finished-at="2025-09-19T13:23:40 IST" duration-ms="53605">
    <groups>
    </groups>
    <test started-at="2025-09-19T13:22:47 IST" name="SauceDemo Tests" finished-at="2025-09-19T13:23:40 IST" duration-ms="53605">
      <class name="tests.LoginTest">
        <test-method is-config="true" signature="setup()[pri:0, instance:tests.LoginTest@62379589]" started-at="2025-09-19T13:22:47 IST" name="setup" finished-at="2025-09-19T13:23:14 IST" duration-ms="27413" status="PASS">
          <reporter-output>
          </reporter-output>
        </test-method> <!-- setup -->
        <test-method is-config="true" signature="SetupPages()[pri:0, instance:tests.LoginTest@62379589]" started-at="2025-09-19T13:23:14 IST" name="SetupPages" finished-at="2025-09-19T13:23:14 IST" duration-ms="10" status="PASS">
          <reporter-output>
          </reporter-output>
        </test-method> <!-- SetupPages -->
        <test-method signature="TC_Account_01_NavigateBackHome()[pri:0, instance:tests.LoginTest@62379589]" started-at="2025-09-19T13:23:14 IST" name="TC_Account_01_NavigateBackHome" finished-at="2025-09-19T13:23:16 IST" duration-ms="1964" status="PASS">
          <reporter-output>
          </reporter-output>
        </test-method> <!-- TC_Account_01_NavigateBackHome -->
        <test-method is-config="true" signature="tearDown()[pri:0, instance:tests.LoginTest@62379589]" started-at="2025-09-19T13:23:16 IST" name="tearDown" finished-at="2025-09-19T13:23:16 IST" duration-ms="0" status="PASS">
          <reporter-output>
          </reporter-output>
        </test-method> <!-- tearDown -->
        <test-method is-config="true" signature="setup()[pri:0, instance:tests.LoginTest@62379589]" started-at="2025-09-19T13:23:16 IST" name="setup" finished-at="2025-09-19T13:23:39 IST" duration-ms="22970" status="PASS">
          <reporter-output>
          </reporter-output>
        </test-method> <!-- setup -->
        <test-method is-config="true" signature="SetupPages()[pri:0, instance:tests.LoginTest@62379589]" started-at="2025-09-19T13:23:39 IST" name="SetupPages" finished-at="2025-09-19T13:23:39 IST" duration-ms="2" status="PASS">
          <reporter-output>
          </reporter-output>
        </test-method> <!-- SetupPages -->
        <test-method signature="TC_Account_02_Logout()[pri:0, instance:tests.LoginTest@62379589]" started-at="2025-09-19T13:23:39 IST" name="TC_Account_02_Logout" finished-at="2025-09-19T13:23:40 IST" duration-ms="1211" status="PASS">
          <reporter-output>
          </reporter-output>
        </test-method> <!-- TC_Account_02_Logout -->
        <test-method is-config="true" signature="tearDown()[pri:0, instance:tests.LoginTest@62379589]" started-at="2025-09-19T13:23:40 IST" name="tearDown" finished-at="2025-09-19T13:23:40 IST" duration-ms="1" status="PASS">
          <reporter-output>
          </reporter-output>
        </test-method> <!-- tearDown -->
      </class> <!-- tests.LoginTest -->
    </test> <!-- SauceDemo Tests -->
  </suite> <!-- saucedemo_automation -->
</testng-results>
